<?xml version="1.0" encoding="UTF-8"?>
<!-- Generated by org.testng.reporters.JUnitXMLReporter -->
<testsuite hostname="GYAN-LAB-PC5" ignored="0" name="Test" tests="4" failures="0" timestamp="26 Sep 2019 05:10:38 GMT" time="6.303" errors="0">
  <testcase name="check" time="1.833" classname="TestNg.Login"/>
  <testcase name="login" time="4.416" classname="TestNg.Login"/>
  <testcase name="CheckImages" time="0.002" classname="TestNg.HomeTest"/>
  <testcase name="HomePage" time="0.001" classname="TestNg.HomeTest"/>
</testsuite> <!-- Test -->
